{"/home/purplewave/Рабочий стол/Hexlet2/frontend-project-lvl2/src/genDiff.js": {"path":"/home/purplewave/Рабочий стол/Hexlet2/frontend-project-lvl2/src/genDiff.js","all":false,"statementMap":{"0":{"start":{"line":1,"column":0},"end":{"line":1,"column":38}},"1":{"start":{"line":2,"column":0},"end":{"line":2,"column":23}},"2":{"start":{"line":3,"column":0},"end":{"line":3,"column":0}},"3":{"start":{"line":4,"column":0},"end":{"line":4,"column":35}},"4":{"start":{"line":5,"column":0},"end":{"line":5,"column":40}},"5":{"start":{"line":6,"column":0},"end":{"line":6,"column":40}},"6":{"start":{"line":7,"column":0},"end":{"line":7,"column":80}},"7":{"start":{"line":8,"column":0},"end":{"line":8,"column":35}},"8":{"start":{"line":9,"column":0},"end":{"line":9,"column":44}},"9":{"start":{"line":10,"column":0},"end":{"line":10,"column":21}},"10":{"start":{"line":11,"column":0},"end":{"line":11,"column":46}},"11":{"start":{"line":12,"column":0},"end":{"line":12,"column":46}},"12":{"start":{"line":13,"column":0},"end":{"line":13,"column":34}},"13":{"start":{"line":14,"column":0},"end":{"line":14,"column":49}},"14":{"start":{"line":15,"column":0},"end":{"line":15,"column":41}},"15":{"start":{"line":16,"column":0},"end":{"line":16,"column":49}},"16":{"start":{"line":17,"column":0},"end":{"line":17,"column":81}},"17":{"start":{"line":18,"column":0},"end":{"line":18,"column":49}},"18":{"start":{"line":19,"column":0},"end":{"line":19,"column":12}},"19":{"start":{"line":20,"column":0},"end":{"line":20,"column":49}},"20":{"start":{"line":21,"column":0},"end":{"line":21,"column":49}},"21":{"start":{"line":22,"column":0},"end":{"line":22,"column":5}},"22":{"start":{"line":23,"column":0},"end":{"line":23,"column":15}},"23":{"start":{"line":24,"column":0},"end":{"line":24,"column":9}},"24":{"start":{"line":25,"column":0},"end":{"line":25,"column":45}},"25":{"start":{"line":26,"column":0},"end":{"line":26,"column":30}},"26":{"start":{"line":27,"column":0},"end":{"line":27,"column":30}},"27":{"start":{"line":28,"column":0},"end":{"line":28,"column":16}},"28":{"start":{"line":29,"column":0},"end":{"line":29,"column":49}},"29":{"start":{"line":30,"column":0},"end":{"line":30,"column":2}},"30":{"start":{"line":31,"column":0},"end":{"line":31,"column":0}},"31":{"start":{"line":32,"column":0},"end":{"line":32,"column":23}}},"s":{"0":1,"1":1,"2":1,"3":1,"4":1,"5":1,"6":1,"7":5,"8":5,"9":5,"10":5,"11":2,"12":5,"13":3,"14":3,"15":2,"16":1,"17":1,"18":1,"19":1,"20":1,"21":6,"22":6,"23":6,"24":1,"25":1,"26":1,"27":1,"28":1,"29":1,"30":1,"31":1},"branchMap":{"0":{"type":"branch","line":1,"loc":{"start":{"line":1,"column":0},"end":{"line":28,"column":6}},"locations":[{"start":{"line":1,"column":0},"end":{"line":28,"column":6}}]},"1":{"type":"branch","line":1,"loc":{"start":{"line":1,"column":0},"end":{"line":27,"column":10}},"locations":[{"start":{"line":1,"column":0},"end":{"line":27,"column":10}}]},"2":{"type":"branch","line":7,"loc":{"start":{"line":7,"column":56},"end":{"line":20,"column":36}},"locations":[{"start":{"line":7,"column":56},"end":{"line":20,"column":36}}]},"3":{"type":"branch","line":11,"loc":{"start":{"line":11,"column":23},"end":{"line":11,"column":36}},"locations":[{"start":{"line":11,"column":23},"end":{"line":11,"column":36}}]},"4":{"type":"branch","line":11,"loc":{"start":{"line":11,"column":38},"end":{"line":13,"column":1}},"locations":[{"start":{"line":11,"column":38},"end":{"line":13,"column":1}}]},"5":{"type":"branch","line":13,"loc":{"start":{"line":13,"column":1},"end":{"line":20,"column":16}},"locations":[{"start":{"line":13,"column":1},"end":{"line":20,"column":16}}]},"6":{"type":"branch","line":13,"loc":{"start":{"line":13,"column":22},"end":{"line":13,"column":34}},"locations":[{"start":{"line":13,"column":22},"end":{"line":13,"column":34}}]},"7":{"type":"branch","line":14,"loc":{"start":{"line":14,"column":1},"end":{"line":15,"column":8}},"locations":[{"start":{"line":14,"column":1},"end":{"line":15,"column":8}}]},"8":{"type":"branch","line":15,"loc":{"start":{"line":15,"column":8},"end":{"line":20,"column":16}},"locations":[{"start":{"line":15,"column":8},"end":{"line":20,"column":16}}]},"9":{"type":"branch","line":16,"loc":{"start":{"line":16,"column":41},"end":{"line":20,"column":16}},"locations":[{"start":{"line":16,"column":41},"end":{"line":20,"column":16}}]},"10":{"type":"branch","line":21,"loc":{"start":{"line":21,"column":27},"end":{"line":25,"column":22}},"locations":[{"start":{"line":21,"column":27},"end":{"line":25,"column":22}}]}},"b":{"0":[1],"1":[1],"2":[5],"3":[4],"4":[2],"5":[3],"6":[1],"7":[1],"8":[2],"9":[1],"10":[6]},"fnMap":{"0":{"name":"genDiff","decl":{"start":{"line":1,"column":0},"end":{"line":27,"column":10}},"loc":{"start":{"line":1,"column":0},"end":{"line":27,"column":10}},"line":1}},"f":{"0":1}}
}
