TN:
SF:src/genDiff.js
FN:1,genDiff
FNF:1
FNH:1
FNDA:1,genDiff
DA:1,1
DA:2,1
DA:3,1
DA:4,1
DA:5,1
DA:6,1
DA:7,1
DA:8,5
DA:9,5
DA:10,5
DA:11,5
DA:12,2
DA:13,5
DA:14,3
DA:15,3
DA:16,2
DA:17,1
DA:18,1
DA:19,1
DA:20,1
DA:21,1
DA:22,6
DA:23,6
DA:24,6
DA:25,1
DA:26,1
DA:27,1
DA:28,1
DA:29,1
DA:30,1
DA:31,1
DA:32,1
LF:32
LH:32
BRDA:1,0,0,1
BRDA:1,1,0,1
BRDA:7,2,0,5
BRDA:11,3,0,4
BRDA:11,4,0,2
BRDA:13,5,0,3
BRDA:13,6,0,1
BRDA:14,7,0,1
BRDA:15,8,0,2
BRDA:16,9,0,1
BRDA:21,10,0,6
BRF:11
BRH:11
end_of_record
